<?xml version="1.0" encoding="UTF-8"?>
<!-- Generated by org.testng.reporters.JUnitXMLReporter -->
<testsuite hostname="INPUHJPC11069" ignored="0" name="Default test(failed)" tests="1" failures="0" timestamp="13 Dec 2017 09:45:56 GMT" time="0.121" errors="0">
  <testcase name="@BeforeTest initializeDriver" time="0.0" classname="com.techm.application.BaseWebDriver">
    <failure type="org.testng.TestNGException" message="
Can inject only one of &amp;lt;ITestContext, XmlTest&amp;gt; into a @BeforeTest annotated initializeDriver.
For more information on native dependency injection please refer to http://testng.org/doc/documentation-main.html#native-dependency-injection">
      <![CDATA[org.testng.TestNGException: Can inject only one of <ITestContext, XmlTest> into a @BeforeTest annotated initializeDriver.For more information on native dependency injection please refer to http://testng.org/doc/documentation-main.html#native-dependency-injection... Removed 21 stack frames]]>
    </failure>
  </testcase> <!-- @BeforeTest initializeDriver -->
  <testcase name="open" time="0.0" classname="com.techm.application.BaseWebDriver">
    <skipped/>
  </testcase> <!-- open -->
</testsuite> <!-- Default test(failed) -->
