<?xml version="1.0" encoding="UTF-8"?>
<!-- Generated by org.testng.reporters.JUnitXMLReporter -->
<testsuite hostname="INPUHJPC11069" ignored="4" name="Test" tests="3" failures="3" timestamp="26 Dec 2017 09:26:09 GMT" time="23.564" errors="0">
  <testcase name="type" time="0.0" classname="com.techm.application.BaseWebDriver">
    <failure type="org.testng.TestNGException" message="
Cannot inject @Test annotated Method [type] with [class java.lang.String, class java.lang.String].
For more information on native dependency injection please refer to http://testng.org/doc/documentation-main.html#native-dependency-injection">
      <![CDATA[org.testng.TestNGException: Cannot inject @Test annotated Method [type] with [class java.lang.String, class java.lang.String].For more information on native dependency injection please refer to http://testng.org/doc/documentation-main.html#native-dependency-injection... Removed 24 stack frames]]>
    </failure>
  </testcase> <!-- type -->
  <testcase name="Login" time="0.08" classname="com.techm.code.BLCLogin">
    <failure type="java.lang.NullPointerException">
      <![CDATA[java.lang.NullPointerExceptionat com.techm.application.BaseWebDriver.getElement(BaseWebDriver.java:92)at com.techm.application.BaseWebDriver.submit(BaseWebDriver.java:153)at com.techm.code.BLCLogin.Login(BLCLogin.java:24)... Removed 25 stack frames]]>
    </failure>
  </testcase> <!-- Login -->
  <testcase name="type" time="0.0" classname="com.techm.application.BaseWebDriver">
    <failure type="org.testng.TestNGException" message="
Cannot inject @Test annotated Method [type] with [class java.lang.String, class java.lang.String].
For more information on native dependency injection please refer to http://testng.org/doc/documentation-main.html#native-dependency-injection">
      <![CDATA[org.testng.TestNGException: Cannot inject @Test annotated Method [type] with [class java.lang.String, class java.lang.String].For more information on native dependency injection please refer to http://testng.org/doc/documentation-main.html#native-dependency-injection... Removed 24 stack frames]]>
    </failure>
  </testcase> <!-- type -->
  <testcase name="@BeforeTest initializeLocatorRead" time="0.0" classname="com.techm.application.BaseWebDriver">
    <ignored/>
  </testcase> <!-- @BeforeTest initializeLocatorRead -->
  <testcase name="@BeforeTest open" time="0.0" classname="com.techm.application.BaseWebDriver">
    <ignored/>
  </testcase> <!-- @BeforeTest open -->
  <testcase name="@BeforeSuite initializeDriver" time="0.0" classname="com.techm.application.BaseWebDriver">
    <ignored/>
  </testcase> <!-- @BeforeSuite initializeDriver -->
  <testcase name="@BeforeTest initializeAppRead" time="0.0" classname="com.techm.application.BaseWebDriver">
    <ignored/>
  </testcase> <!-- @BeforeTest initializeAppRead -->
</testsuite> <!-- Test -->
