<?xml version="1.0" encoding="UTF-8"?>
<testng-results skipped="0" failed="0" ignored="0" total="1" passed="1">
  <reporter-output>
  </reporter-output>
  <suite name="Default suite" duration-ms="64181" started-at="2018-03-07T09:10:21Z" finished-at="2018-03-07T09:11:25Z">
    <groups>
    </groups>
    <test name="Default test" duration-ms="64181" started-at="2018-03-07T09:10:21Z" finished-at="2018-03-07T09:11:25Z">
      <class name="com.techm.testcases.CreateSubInterface">
        <test-method status="PASS" signature="initializeMethod()[pri:0, instance:com.techm.testcases.CreateSubInterface@15b5592]" name="initializeMethod" is-config="true" duration-ms="12698" started-at="2018-03-07T14:40:21Z" finished-at="2018-03-07T14:40:34Z">
          <reporter-output>
          </reporter-output>
        </test-method> <!-- initializeMethod -->
        <test-method status="PASS" signature="BLCcreateSubInterface()[pri:0, instance:com.techm.testcases.CreateSubInterface@15b5592]" name="BLCcreateSubInterface" duration-ms="51459" started-at="2018-03-07T14:40:34Z" finished-at="2018-03-07T14:41:25Z">
          <reporter-output>
          </reporter-output>
        </test-method> <!-- BLCcreateSubInterface -->
      </class> <!-- com.techm.testcases.CreateSubInterface -->
    </test> <!-- Default test -->
  </suite> <!-- Default suite -->
</testng-results>
